running develop
Removing /workspaces/workshop/install/my_py_pkg/lib/python3.12/site-packages/my-py-pkg.egg-link (link to .)
running egg_info
writing ../../build/my_py_pkg/my_py_pkg.egg-info/PKG-INFO
writing dependency_links to ../../build/my_py_pkg/my_py_pkg.egg-info/dependency_links.txt
writing entry points to ../../build/my_py_pkg/my_py_pkg.egg-info/entry_points.txt
writing requirements to ../../build/my_py_pkg/my_py_pkg.egg-info/requires.txt
writing top-level names to ../../build/my_py_pkg/my_py_pkg.egg-info/top_level.txt
reading manifest file '../../build/my_py_pkg/my_py_pkg.egg-info/SOURCES.txt'
writing manifest file '../../build/my_py_pkg/my_py_pkg.egg-info/SOURCES.txt'
running build
running build_py
creating /workspaces/workshop/build/my_py_pkg/build
creating /workspaces/workshop/build/my_py_pkg/build/lib
creating /workspaces/workshop/build/my_py_pkg/build/lib/my_py_pkg
copying my_py_pkg/talker.py -> /workspaces/workshop/build/my_py_pkg/build/lib/my_py_pkg
copying my_py_pkg/__init__.py -> /workspaces/workshop/build/my_py_pkg/build/lib/my_py_pkg
copying my_py_pkg/listener.py -> /workspaces/workshop/build/my_py_pkg/build/lib/my_py_pkg
running install
running install_lib
creating /workspaces/workshop/install/my_py_pkg/lib/python3.12/site-packages/my_py_pkg
copying /workspaces/workshop/build/my_py_pkg/build/lib/my_py_pkg/talker.py -> /workspaces/workshop/install/my_py_pkg/lib/python3.12/site-packages/my_py_pkg
copying /workspaces/workshop/build/my_py_pkg/build/lib/my_py_pkg/__init__.py -> /workspaces/workshop/install/my_py_pkg/lib/python3.12/site-packages/my_py_pkg
copying /workspaces/workshop/build/my_py_pkg/build/lib/my_py_pkg/listener.py -> /workspaces/workshop/install/my_py_pkg/lib/python3.12/site-packages/my_py_pkg
byte-compiling /workspaces/workshop/install/my_py_pkg/lib/python3.12/site-packages/my_py_pkg/talker.py to talker.cpython-312.pyc
byte-compiling /workspaces/workshop/install/my_py_pkg/lib/python3.12/site-packages/my_py_pkg/__init__.py to __init__.cpython-312.pyc
byte-compiling /workspaces/workshop/install/my_py_pkg/lib/python3.12/site-packages/my_py_pkg/listener.py to listener.cpython-312.pyc
running install_data
copying resource/my_py_pkg -> /workspaces/workshop/install/my_py_pkg/share/ament_index/resource_index/packages
copying package.xml -> /workspaces/workshop/install/my_py_pkg/share/my_py_pkg
copying launch/talker_listener.launch.py -> /workspaces/workshop/install/my_py_pkg/share/my_py_pkg/launch
running install_egg_info
Copying ../../build/my_py_pkg/my_py_pkg.egg-info to /workspaces/workshop/install/my_py_pkg/lib/python3.12/site-packages/my_py_pkg-0.0.1-py3.12.egg-info
running install_scripts
Installing listener script to /workspaces/workshop/install/my_py_pkg/lib/my_py_pkg
Installing talker script to /workspaces/workshop/install/my_py_pkg/lib/my_py_pkg
writing list of installed files to '/workspaces/workshop/build/my_py_pkg/install.log'
