running develop
running egg_info
creating my_py_pkg.egg-info
writing my_py_pkg.egg-info/PKG-INFO
writing dependency_links to my_py_pkg.egg-info/dependency_links.txt
writing entry points to my_py_pkg.egg-info/entry_points.txt
writing requirements to my_py_pkg.egg-info/requires.txt
writing top-level names to my_py_pkg.egg-info/top_level.txt
writing manifest file 'my_py_pkg.egg-info/SOURCES.txt'
reading manifest file 'my_py_pkg.egg-info/SOURCES.txt'
writing manifest file 'my_py_pkg.egg-info/SOURCES.txt'
running build_ext
Creating /workspaces/workshop/install/my_py_pkg/lib/python3.12/site-packages/my-py-pkg.egg-link (link to .)
Installing listener script to /workspaces/workshop/install/my_py_pkg/lib/my_py_pkg
Installing talker script to /workspaces/workshop/install/my_py_pkg/lib/my_py_pkg

Installed /workspaces/workshop/build/my_py_pkg
running symlink_data
creating /workspaces/workshop/install/my_py_pkg/share/ament_index
creating /workspaces/workshop/install/my_py_pkg/share/ament_index/resource_index
creating /workspaces/workshop/install/my_py_pkg/share/ament_index/resource_index/packages
symbolically linking /workspaces/workshop/build/my_py_pkg/resource/my_py_pkg -> /workspaces/workshop/install/my_py_pkg/share/ament_index/resource_index/packages
symbolically linking /workspaces/workshop/build/my_py_pkg/package.xml -> /workspaces/workshop/install/my_py_pkg/share/my_py_pkg
creating /workspaces/workshop/install/my_py_pkg/share/my_py_pkg/launch
symbolically linking /workspaces/workshop/build/my_py_pkg/launch/talker_listener.launch.py -> /workspaces/workshop/install/my_py_pkg/share/my_py_pkg/launch
